1584459814495	mozrunner::runner	INFO	Running command: "/Applications/Firefox.app/Contents/MacOS/firefox-bin" "-marionette" "-foreground" "-no-remote" "-profile" "/var/folders/2h/179zzpb14wz9q81r_2p2cyqc0000gp/T/rust_mozprofile1Ap9y1"
1584459815466	addons.webextension.doh-rollout@mozilla.org	WARN	Loading extension 'doh-rollout@mozilla.org': Reading manifest: Invalid extension permission: networkStatus
1584459815500	addons.webextension.screenshots@mozilla.org	WARN	Loading extension 'screenshots@mozilla.org': Reading manifest: Invalid extension permission: mozillaAddons
1584459815500	addons.webextension.screenshots@mozilla.org	WARN	Loading extension 'screenshots@mozilla.org': Reading manifest: Invalid extension permission: telemetry
1584459815500	addons.webextension.screenshots@mozilla.org	WARN	Loading extension 'screenshots@mozilla.org': Reading manifest: Invalid extension permission: resource://pdf.js/
1584459815501	addons.webextension.screenshots@mozilla.org	WARN	Loading extension 'screenshots@mozilla.org': Reading manifest: Invalid extension permission: about:reader*
1584459817394	Marionette	INFO	Listening on port 59670
1584459817413	Marionette	WARN	TLS certificate errors will be ignored for this session
1584459837866	Marionette	INFO	Stopped listening on port 59670
1584459930976	mozrunner::runner	INFO	Running command: "/Applications/Firefox.app/Contents/MacOS/firefox-bin" "-marionette" "-foreground" "-no-remote" "-profile" "/var/folders/2h/179zzpb14wz9q81r_2p2cyqc0000gp/T/rust_mozprofileGZezur"
1584459931418	addons.webextension.doh-rollout@mozilla.org	WARN	Loading extension 'doh-rollout@mozilla.org': Reading manifest: Invalid extension permission: networkStatus
1584459931788	addons.webextension.screenshots@mozilla.org	WARN	Loading extension 'screenshots@mozilla.org': Reading manifest: Invalid extension permission: mozillaAddons
1584459931788	addons.webextension.screenshots@mozilla.org	WARN	Loading extension 'screenshots@mozilla.org': Reading manifest: Invalid extension permission: telemetry
1584459931789	addons.webextension.screenshots@mozilla.org	WARN	Loading extension 'screenshots@mozilla.org': Reading manifest: Invalid extension permission: resource://pdf.js/
1584459931789	addons.webextension.screenshots@mozilla.org	WARN	Loading extension 'screenshots@mozilla.org': Reading manifest: Invalid extension permission: about:reader*
1584459933352	Marionette	INFO	Listening on port 60231
1584459933435	Marionette	WARN	TLS certificate errors will be ignored for this session
1584459954193	Marionette	WARN	TimedPromise timed out after 0 ms: stacktrace:
TimedPromise/<@chrome://marionette/content/sync.js:244:13
TimedPromise@chrome://marionette/content/sync.js:229:10
Sleep@chrome://marionette/content/sync.js:282:10
dispatchPause@chrome://marionette/content/action.js:1482:10
toEvents/<@chrome://marionette/content/action.js:1156:16
action.dispatchTickActions@chrome://marionette/content/action.js:1060:35
action.dispatch/chainEvents<@chrome://marionette/content/action.js:1028:20
action.dispatch@chrome://marionette/content/action.js:1034:5
performActions@chrome://marionette/content/listener.js:850:16
dispatch/</req<@chrome://marionette/content/listener.js:527:14
dispatch/<@chrome://marionette/content/listener.js:520:15
1584459954461	Marionette	WARN	TimedPromise timed out after 0 ms: stacktrace:
TimedPromise/<@chrome://marionette/content/sync.js:244:13
TimedPromise@chrome://marionette/content/sync.js:229:10
Sleep@chrome://marionette/content/sync.js:282:10
dispatchPause@chrome://marionette/content/action.js:1482:10
toEvents/<@chrome://marionette/content/action.js:1156:16
action.dispatchTickActions@chrome://marionette/content/action.js:1060:35
action.dispatch/chainEvents<@chrome://marionette/content/action.js:1028:20
1584459954469	Marionette	WARN	TimedPromise timed out after 0 ms: stacktrace:
TimedPromise/<@chrome://marionette/content/sync.js:244:13
TimedPromise@chrome://marionette/content/sync.js:229:10
Sleep@chrome://marionette/content/sync.js:282:10
dispatchPause@chrome://marionette/content/action.js:1482:10
toEvents/<@chrome://marionette/content/action.js:1156:16
action.dispatchTickActions@chrome://marionette/content/action.js:1060:35
action.dispatch/chainEvents<@chrome://marionette/content/action.js:1028:20
JavaScript error: https://unictmob.azurewebsites.net/Scripts/react/dist/bundle.js.gz, line 34: SyntaxError: JSON.parse: unexpected character at line 1 column 1 of the JSON data
1584460114235	Marionette	INFO	Stopped listening on port 60231
1584465112831	mozrunner::runner	INFO	Running command: "/Applications/Firefox.app/Contents/MacOS/firefox-bin" "-marionette" "-foreground" "-no-remote" "-profile" "/var/folders/2h/179zzpb14wz9q81r_2p2cyqc0000gp/T/rust_mozprofileKDILnY"
1584465113354	addons.webextension.doh-rollout@mozilla.org	WARN	Loading extension 'doh-rollout@mozilla.org': Reading manifest: Invalid extension permission: networkStatus
1584465113677	addons.webextension.screenshots@mozilla.org	WARN	Loading extension 'screenshots@mozilla.org': Reading manifest: Invalid extension permission: mozillaAddons
1584465113677	addons.webextension.screenshots@mozilla.org	WARN	Loading extension 'screenshots@mozilla.org': Reading manifest: Invalid extension permission: telemetry
1584465113677	addons.webextension.screenshots@mozilla.org	WARN	Loading extension 'screenshots@mozilla.org': Reading manifest: Invalid extension permission: resource://pdf.js/
1584465113677	addons.webextension.screenshots@mozilla.org	WARN	Loading extension 'screenshots@mozilla.org': Reading manifest: Invalid extension permission: about:reader*
1584465115371	Marionette	INFO	Listening on port 65116
1584465115401	Marionette	WARN	TLS certificate errors will be ignored for this session
1584465134359	Marionette	INFO	Stopped listening on port 65116
1584465212996	mozrunner::runner	INFO	Running command: "/Applications/Firefox.app/Contents/MacOS/firefox-bin" "-marionette" "-foreground" "-no-remote" "-profile" "/var/folders/2h/179zzpb14wz9q81r_2p2cyqc0000gp/T/rust_mozprofile7ldXea"
1584465213502	addons.webextension.doh-rollout@mozilla.org	WARN	Loading extension 'doh-rollout@mozilla.org': Reading manifest: Invalid extension permission: networkStatus
1584465213830	addons.webextension.screenshots@mozilla.org	WARN	Loading extension 'screenshots@mozilla.org': Reading manifest: Invalid extension permission: mozillaAddons
1584465213831	addons.webextension.screenshots@mozilla.org	WARN	Loading extension 'screenshots@mozilla.org': Reading manifest: Invalid extension permission: telemetry
1584465213831	addons.webextension.screenshots@mozilla.org	WARN	Loading extension 'screenshots@mozilla.org': Reading manifest: Invalid extension permission: resource://pdf.js/
1584465213831	addons.webextension.screenshots@mozilla.org	WARN	Loading extension 'screenshots@mozilla.org': Reading manifest: Invalid extension permission: about:reader*
1584465215531	Marionette	INFO	Listening on port 49219
1584465215577	Marionette	WARN	TLS certificate errors will be ignored for this session
1584465230592	Marionette	INFO	Stopped listening on port 49219
IPDL protocol error: Handler returned error code!

###!!! [Parent][DispatchAsyncMessage] Error: PLayerTransaction::Msg_ReleaseLayer Processing error: message was deserialized, but the handler returned false (indicating failure)

IPDL protocol error: Handler returned error code!

###!!! [Parent][DispatchAsyncMessage] Error: PLayerTransaction::Msg_ReleaseLayer Processing error: message was deserialized, but the handler returned false (indicating failure)

IPDL protocol error: Handler returned error code!

###!!! [Parent][DispatchAsyncMessage] Error: PLayerTransaction::Msg_ReleaseLayer Processing error: message was deserialized, but the handler returned false (indicating failure)

1584465285593	mozrunner::runner	INFO	Running command: "/Applications/Firefox.app/Contents/MacOS/firefox-bin" "-marionette" "-foreground" "-no-remote" "-profile" "/var/folders/2h/179zzpb14wz9q81r_2p2cyqc0000gp/T/rust_mozprofileOBPnif"
1584465286034	addons.webextension.doh-rollout@mozilla.org	WARN	Loading extension 'doh-rollout@mozilla.org': Reading manifest: Invalid extension permission: networkStatus
1584465286358	addons.webextension.screenshots@mozilla.org	WARN	Loading extension 'screenshots@mozilla.org': Reading manifest: Invalid extension permission: mozillaAddons
1584465286358	addons.webextension.screenshots@mozilla.org	WARN	Loading extension 'screenshots@mozilla.org': Reading manifest: Invalid extension permission: telemetry
1584465286358	addons.webextension.screenshots@mozilla.org	WARN	Loading extension 'screenshots@mozilla.org': Reading manifest: Invalid extension permission: resource://pdf.js/
1584465286358	addons.webextension.screenshots@mozilla.org	WARN	Loading extension 'screenshots@mozilla.org': Reading manifest: Invalid extension permission: about:reader*
1584465287981	Marionette	INFO	Listening on port 49587
1584465288068	Marionette	WARN	TLS certificate errors will be ignored for this session
1584465309046	Marionette	WARN	TimedPromise timed out after 500 ms: stacktrace:
TimedPromise/<@chrome://marionette/content/sync.js:244:13
TimedPromise@chrome://marionette/content/sync.js:229:10
interaction.flushEventLoop@chrome://marionette/content/interaction.js:416:10
webdriverClickElement@chrome://marionette/content/interaction.js:182:31
Be</e.prototype.instrumentSend/XMLHttpRequest.prototype.send@https://unictmob.azurewebsites.net/Scripts/react/dist/bundle.js.gz:39:325981
send@https://unictmob.azurewebsites.net/bundles/jquery?v=TDckzUNxphFjulOJme-kT58FoAi78XdV0SUZypX4iA41:2:80358
ajax@https://unictmob.azurewebsites.net/bundles/jquery?v=TDckzUNxphFjulOJme-kT58FoAi78XdV0SUZypX4iA41:2:77906
t.loadJsonDoc@https://unictmob.azurewebsites.net/Scripts/react/dist/bundle.js.gz:16:693737
value@https://unictmob.azurewebsites.net/Scripts/react/dist/bundle.js.gz:39:816942
value@https://unictmob.azurewebsites.net/Scripts/react/dist/bundle.js.gz:39:815949
value@https://unictmob.azurewebsites.net/Scripts/react/dist/bundle.js.gz:39:815633
Va@https://unictmob.azurewebsites.net/Scripts/react/dist/bundle.js.gz:47:83955
Wa@https://unictmob.azurewebsites.net/Scripts/react/dist/bundle.js.gz:47:80545
$a@https://unictmob.azurewebsites.net/Scripts/react/dist/bundle.js.gz:47:80005
Ua@https://unictmob.azurewebsites.net/Scripts/react/dist/bundle.js.gz:47:79831
Fa@https://unictmob.azurewebsites.net/Scripts/react/dist/bundle.js.gz:47:79202
fa@https://unictmob.azurewebsites.net/Scripts/react/dist/bundle.js.gz:47:78449
enqueueSetState@https://unictmob.azurewebsites.net/Scripts/react/dist/bundle.js.gz:47:53993
_.prototype.setState@https://unictmob.azurewebsites.net/Scripts/react/dist/bundle.js.gz:55:1281
success@https://unictmob.azurewebsites.net/Scripts/react/dist/bundle.js.gz:34:218134
l@https://unictmob.azurewebsites.net/bundles/jquery?v=TDckzUNxphFjulOJme-kT58FoAi78XdV0SUZypX4iA41:2:39411
fireWith@https://unictmob.azurewebsites.net/bundles/jquery?v=TDckzUNxphFjulOJme-kT58FoAi78XdV0SUZypX4iA41:2:40156
b@https://unictmob.azurewebsites.net/bundles/jquery?v=TDckzUNxphFjulOJme-kT58FoAi78XdV0SUZypX4iA41:2:75157
i/<@https://unictmob.azurewebsites.net/bundles/jquery?v=TDckzUNxphFjulOJme-kT58FoAi78XdV0SUZypX4iA41:2:79999
1584465309256	Marionette	INFO	Stopped listening on port 49587
1584465402601	mozrunner::runner	INFO	Running command: "/Applications/Firefox.app/Contents/MacOS/firefox-bin" "-marionette" "-foreground" "-no-remote" "-profile" "/var/folders/2h/179zzpb14wz9q81r_2p2cyqc0000gp/T/rust_mozprofileOT22c5"
1584465403035	addons.webextension.doh-rollout@mozilla.org	WARN	Loading extension 'doh-rollout@mozilla.org': Reading manifest: Invalid extension permission: networkStatus
1584465403358	addons.webextension.screenshots@mozilla.org	WARN	Loading extension 'screenshots@mozilla.org': Reading manifest: Invalid extension permission: mozillaAddons
1584465403358	addons.webextension.screenshots@mozilla.org	WARN	Loading extension 'screenshots@mozilla.org': Reading manifest: Invalid extension permission: telemetry
1584465403358	addons.webextension.screenshots@mozilla.org	WARN	Loading extension 'screenshots@mozilla.org': Reading manifest: Invalid extension permission: resource://pdf.js/
1584465403358	addons.webextension.screenshots@mozilla.org	WARN	Loading extension 'screenshots@mozilla.org': Reading manifest: Invalid extension permission: about:reader*
1584465404973	Marionette	INFO	Listening on port 50139
1584465405037	Marionette	WARN	TLS certificate errors will be ignored for this session
1584465446227	Marionette	INFO	Stopped listening on port 50139
1584465663421	mozrunner::runner	INFO	Running command: "/Applications/Firefox.app/Contents/MacOS/firefox-bin" "-marionette" "-foreground" "-no-remote" "-profile" "/var/folders/2h/179zzpb14wz9q81r_2p2cyqc0000gp/T/rust_mozprofileoaj7B2"
1584465663872	addons.webextension.doh-rollout@mozilla.org	WARN	Loading extension 'doh-rollout@mozilla.org': Reading manifest: Invalid extension permission: networkStatus
1584465664188	addons.webextension.screenshots@mozilla.org	WARN	Loading extension 'screenshots@mozilla.org': Reading manifest: Invalid extension permission: mozillaAddons
1584465664188	addons.webextension.screenshots@mozilla.org	WARN	Loading extension 'screenshots@mozilla.org': Reading manifest: Invalid extension permission: telemetry
1584465664189	addons.webextension.screenshots@mozilla.org	WARN	Loading extension 'screenshots@mozilla.org': Reading manifest: Invalid extension permission: resource://pdf.js/
1584465664189	addons.webextension.screenshots@mozilla.org	WARN	Loading extension 'screenshots@mozilla.org': Reading manifest: Invalid extension permission: about:reader*
1584465665847	Marionette	INFO	Listening on port 51268
1584465665888	Marionette	WARN	TLS certificate errors will be ignored for this session
1584465681370	Marionette	WARN	TimedPromise timed out after 500 ms: stacktrace:
TimedPromise/<@chrome://marionette/content/sync.js:244:13
TimedPromise@chrome://marionette/content/sync.js:229:10
interaction.flushEventLoop@chrome://marionette/content/interaction.js:416:10
webdriverClickElement@chrome://marionette/content/interaction.js:182:31
Be</e.prototype.instrumentSend/XMLHttpRequest.prototype.send@https://unictmob.azurewebsites.net/Scripts/react/dist/bundle.js.gz:39:325981
send@https://unictmob.azurewebsites.net/bundles/jquery?v=TDckzUNxphFjulOJme-kT58FoAi78XdV0SUZypX4iA41:2:80358
ajax@https://unictmob.azurewebsites.net/bundles/jquery?v=TDckzUNxphFjulOJme-kT58FoAi78XdV0SUZypX4iA41:2:77906
t.loadJsonDoc@https://unictmob.azurewebsites.net/Scripts/react/dist/bundle.js.gz:16:693737
value@https://unictmob.azurewebsites.net/Scripts/react/dist/bundle.js.gz:39:816942
value@https://unictmob.azurewebsites.net/Scripts/react/dist/bundle.js.gz:39:815949
value@https://unictmob.azurewebsites.net/Scripts/react/dist/bundle.js.gz:39:815633
Va@https://unictmob.azurewebsites.net/Scripts/react/dist/bundle.js.gz:47:83955
Wa@https://unictmob.azurewebsites.net/Scripts/react/dist/bundle.js.gz:47:80545
$a@https://unictmob.azurewebsites.net/Scripts/react/dist/bundle.js.gz:47:80005
Ua@https://unictmob.azurewebsites.net/Scripts/react/dist/bundle.js.gz:47:79831
Fa@https://unictmob.azurewebsites.net/Scripts/react/dist/bundle.js.gz:47:79202
fa@https://unictmob.azurewebsites.net/Scripts/react/dist/bundle.js.gz:47:78449
enqueueSetState@https://unictmob.azurewebsites.net/Scripts/react/dist/bundle.js.gz:47:53993
_.prototype.setState@https://unictmob.azurewebsites.net/Scripts/react/dist/bundle.js.gz:55:1281
success@https://unictmob.azurewebsites.net/Scripts/react/dist/bundle.js.gz:34:218134
l@https://unictmob.azurewebsites.net/bundles/jquery?v=TDckzUNxphFjulOJme-kT58FoAi78XdV0SUZypX4iA41:2:39411
fireWith@https://unictmob.azurewebsites.net/bundles/jquery?v=TDckzUNxphFjulOJme-kT58FoAi78XdV0SUZypX4iA41:2:40156
b@https://unictmob.azurewebsites.net/bundles/jquery?v=TDckzUNxphFjulOJme-kT58FoAi78XdV0SUZypX4iA41:2:75157
i/<@https://unictmob.azurewebsites.net/bundles/jquery?v=TDckzUNxphFjulOJme-kT58FoAi78XdV0SUZypX4iA41:2:79999
1584465694641	Marionette	INFO	Stopped listening on port 51268
1584465742920	mozrunner::runner	INFO	Running command: "/Applications/Firefox.app/Contents/MacOS/firefox-bin" "-marionette" "-foreground" "-no-remote" "-profile" "/var/folders/2h/179zzpb14wz9q81r_2p2cyqc0000gp/T/rust_mozprofileXJWszO"
1584465743358	addons.webextension.doh-rollout@mozilla.org	WARN	Loading extension 'doh-rollout@mozilla.org': Reading manifest: Invalid extension permission: networkStatus
1584465743675	addons.webextension.screenshots@mozilla.org	WARN	Loading extension 'screenshots@mozilla.org': Reading manifest: Invalid extension permission: mozillaAddons
1584465743675	addons.webextension.screenshots@mozilla.org	WARN	Loading extension 'screenshots@mozilla.org': Reading manifest: Invalid extension permission: telemetry
1584465743675	addons.webextension.screenshots@mozilla.org	WARN	Loading extension 'screenshots@mozilla.org': Reading manifest: Invalid extension permission: resource://pdf.js/
1584465743675	addons.webextension.screenshots@mozilla.org	WARN	Loading extension 'screenshots@mozilla.org': Reading manifest: Invalid extension permission: about:reader*
1584465745314	Marionette	INFO	Listening on port 51664
1584465745388	Marionette	WARN	TLS certificate errors will be ignored for this session
[GFX1-]: Receive IPC close with reason=AbnormalShutdown
Exiting due to channel error.
[GFX1-]: Receive IPC close with reason=AbnormalShutdown
[GFX1-]: Receive IPC close with reason=AbnormalShutdown
Exiting due to channel error.
Exiting due to channel error.
1584465790158	mozrunner::runner	INFO	Running command: "/Applications/Firefox.app/Contents/MacOS/firefox-bin" "-marionette" "-foreground" "-no-remote" "-profile" "/var/folders/2h/179zzpb14wz9q81r_2p2cyqc0000gp/T/rust_mozprofilel9oYN0"
1584465790612	addons.webextension.doh-rollout@mozilla.org	WARN	Loading extension 'doh-rollout@mozilla.org': Reading manifest: Invalid extension permission: networkStatus
1584465790940	addons.webextension.screenshots@mozilla.org	WARN	Loading extension 'screenshots@mozilla.org': Reading manifest: Invalid extension permission: mozillaAddons
1584465790940	addons.webextension.screenshots@mozilla.org	WARN	Loading extension 'screenshots@mozilla.org': Reading manifest: Invalid extension permission: telemetry
1584465790940	addons.webextension.screenshots@mozilla.org	WARN	Loading extension 'screenshots@mozilla.org': Reading manifest: Invalid extension permission: resource://pdf.js/
1584465790940	addons.webextension.screenshots@mozilla.org	WARN	Loading extension 'screenshots@mozilla.org': Reading manifest: Invalid extension permission: about:reader*
1584465792644	Marionette	INFO	Listening on port 51930
1584465792724	Marionette	WARN	TLS certificate errors will be ignored for this session
1584465809795	Marionette	WARN	TimedPromise timed out after 500 ms: stacktrace:
TimedPromise/<@chrome://marionette/content/sync.js:244:13
TimedPromise@chrome://marionette/content/sync.js:229:10
interaction.flushEventLoop@chrome://marionette/content/interaction.js:416:10
webdriverClickElement@chrome://marionette/content/interaction.js:182:31
1584465830344	Marionette	INFO	Stopped listening on port 51930
1584465834962	mozrunner::runner	INFO	Running command: "/Applications/Firefox.app/Contents/MacOS/firefox-bin" "-marionette" "-foreground" "-no-remote" "-profile" "/var/folders/2h/179zzpb14wz9q81r_2p2cyqc0000gp/T/rust_mozprofileeaOZMC"
1584465835408	addons.webextension.doh-rollout@mozilla.org	WARN	Loading extension 'doh-rollout@mozilla.org': Reading manifest: Invalid extension permission: networkStatus
1584465835729	addons.webextension.screenshots@mozilla.org	WARN	Loading extension 'screenshots@mozilla.org': Reading manifest: Invalid extension permission: mozillaAddons
1584465835729	addons.webextension.screenshots@mozilla.org	WARN	Loading extension 'screenshots@mozilla.org': Reading manifest: Invalid extension permission: telemetry
1584465835729	addons.webextension.screenshots@mozilla.org	WARN	Loading extension 'screenshots@mozilla.org': Reading manifest: Invalid extension permission: resource://pdf.js/
1584465835730	addons.webextension.screenshots@mozilla.org	WARN	Loading extension 'screenshots@mozilla.org': Reading manifest: Invalid extension permission: about:reader*
1584465837350	Marionette	INFO	Listening on port 52198
1584465837411	Marionette	WARN	TLS certificate errors will be ignored for this session
1584465844442	Marionette	WARN	TimedPromise timed out after 500 ms: stacktrace:
TimedPromise/<@chrome://marionette/content/sync.js:244:13
TimedPromise@chrome://marionette/content/sync.js:229:10
interaction.flushEventLoop@chrome://marionette/content/interaction.js:416:10
webdriverClickElement@chrome://marionette/content/interaction.js:182:31
1584465845167	Marionette	WARN	TimedPromise timed out after 500 ms: stacktrace:
TimedPromise/<@chrome://marionette/content/sync.js:244:13
TimedPromise@chrome://marionette/content/sync.js:229:10
interaction.flushEventLoop@chrome://marionette/content/interaction.js:416:10
webdriverClickElement@chrome://marionette/content/interaction.js:182:31
1584465874600	Marionette	INFO	Stopped listening on port 52198
1584466024558	mozrunner::runner	INFO	Running command: "/Applications/Firefox.app/Contents/MacOS/firefox-bin" "-marionette" "-foreground" "-no-remote" "-profile" "/var/folders/2h/179zzpb14wz9q81r_2p2cyqc0000gp/T/rust_mozprofileECSLia"
1584466024995	addons.webextension.doh-rollout@mozilla.org	WARN	Loading extension 'doh-rollout@mozilla.org': Reading manifest: Invalid extension permission: networkStatus
1584466025324	addons.webextension.screenshots@mozilla.org	WARN	Loading extension 'screenshots@mozilla.org': Reading manifest: Invalid extension permission: mozillaAddons
1584466025324	addons.webextension.screenshots@mozilla.org	WARN	Loading extension 'screenshots@mozilla.org': Reading manifest: Invalid extension permission: telemetry
1584466025324	addons.webextension.screenshots@mozilla.org	WARN	Loading extension 'screenshots@mozilla.org': Reading manifest: Invalid extension permission: resource://pdf.js/
1584466025325	addons.webextension.screenshots@mozilla.org	WARN	Loading extension 'screenshots@mozilla.org': Reading manifest: Invalid extension permission: about:reader*
1584466026889	Marionette	INFO	Listening on port 53045
1584466026920	Marionette	WARN	TLS certificate errors will be ignored for this session
1584466069025	Marionette	INFO	Stopped listening on port 53045
1584466176688	mozrunner::runner	INFO	Running command: "/Applications/Firefox.app/Contents/MacOS/firefox-bin" "-marionette" "-foreground" "-no-remote" "-profile" "/var/folders/2h/179zzpb14wz9q81r_2p2cyqc0000gp/T/rust_mozprofileMAq28I"
1584466177123	addons.webextension.doh-rollout@mozilla.org	WARN	Loading extension 'doh-rollout@mozilla.org': Reading manifest: Invalid extension permission: networkStatus
1584466177441	addons.webextension.screenshots@mozilla.org	WARN	Loading extension 'screenshots@mozilla.org': Reading manifest: Invalid extension permission: mozillaAddons
1584466177441	addons.webextension.screenshots@mozilla.org	WARN	Loading extension 'screenshots@mozilla.org': Reading manifest: Invalid extension permission: telemetry
1584466177441	addons.webextension.screenshots@mozilla.org	WARN	Loading extension 'screenshots@mozilla.org': Reading manifest: Invalid extension permission: resource://pdf.js/
1584466177442	addons.webextension.screenshots@mozilla.org	WARN	Loading extension 'screenshots@mozilla.org': Reading manifest: Invalid extension permission: about:reader*
1584466179055	Marionette	INFO	Listening on port 53743
1584466179157	Marionette	WARN	TLS certificate errors will be ignored for this session
1584466185770	Marionette	WARN	TimedPromise timed out after 500 ms: stacktrace:
TimedPromise/<@chrome://marionette/content/sync.js:244:13
TimedPromise@chrome://marionette/content/sync.js:229:10
interaction.flushEventLoop@chrome://marionette/content/interaction.js:416:10
webdriverClickElement@chrome://marionette/content/interaction.js:182:31
1584466199456	Marionette	WARN	TimedPromise timed out after 500 ms: stacktrace:
TimedPromise/<@chrome://marionette/content/sync.js:244:13
TimedPromise@chrome://marionette/content/sync.js:229:10
interaction.flushEventLoop@chrome://marionette/content/interaction.js:416:10
webdriverClickElement@chrome://marionette/content/interaction.js:182:31
[GFX1-]: Receive IPC close with reason=AbnormalShutdown
Exiting due to channel error.
[GFX1-]: Receive IPC close with reason=AbnormalShutdown
[GFX1-]: Receive IPC close with reason=AbnormalShutdown
Exiting due to channel error.
Exiting due to channel error.
1584466221689	mozrunner::runner	INFO	Running command: "/Applications/Firefox.app/Contents/MacOS/firefox-bin" "-marionette" "-foreground" "-no-remote" "-profile" "/var/folders/2h/179zzpb14wz9q81r_2p2cyqc0000gp/T/rust_mozprofilev7JS4d"
1584466222154	addons.webextension.doh-rollout@mozilla.org	WARN	Loading extension 'doh-rollout@mozilla.org': Reading manifest: Invalid extension permission: networkStatus
1584466222484	addons.webextension.screenshots@mozilla.org	WARN	Loading extension 'screenshots@mozilla.org': Reading manifest: Invalid extension permission: mozillaAddons
1584466222484	addons.webextension.screenshots@mozilla.org	WARN	Loading extension 'screenshots@mozilla.org': Reading manifest: Invalid extension permission: telemetry
1584466222484	addons.webextension.screenshots@mozilla.org	WARN	Loading extension 'screenshots@mozilla.org': Reading manifest: Invalid extension permission: resource://pdf.js/
1584466222485	addons.webextension.screenshots@mozilla.org	WARN	Loading extension 'screenshots@mozilla.org': Reading manifest: Invalid extension permission: about:reader*
1584466224156	Marionette	INFO	Listening on port 53994
1584466224246	Marionette	WARN	TLS certificate errors will be ignored for this session
1584466261008	Marionette	INFO	Stopped listening on port 53994
1584466356143	mozrunner::runner	INFO	Running command: "/Applications/Firefox.app/Contents/MacOS/firefox-bin" "-marionette" "-foreground" "-no-remote" "-profile" "/var/folders/2h/179zzpb14wz9q81r_2p2cyqc0000gp/T/rust_mozprofilesQAJIP"
1584466356609	addons.webextension.doh-rollout@mozilla.org	WARN	Loading extension 'doh-rollout@mozilla.org': Reading manifest: Invalid extension permission: networkStatus
1584466356920	addons.webextension.screenshots@mozilla.org	WARN	Loading extension 'screenshots@mozilla.org': Reading manifest: Invalid extension permission: mozillaAddons
1584466356920	addons.webextension.screenshots@mozilla.org	WARN	Loading extension 'screenshots@mozilla.org': Reading manifest: Invalid extension permission: telemetry
1584466356920	addons.webextension.screenshots@mozilla.org	WARN	Loading extension 'screenshots@mozilla.org': Reading manifest: Invalid extension permission: resource://pdf.js/
1584466356920	addons.webextension.screenshots@mozilla.org	WARN	Loading extension 'screenshots@mozilla.org': Reading manifest: Invalid extension permission: about:reader*
1584466358550	Marionette	INFO	Listening on port 54621
1584466358597	Marionette	WARN	TLS certificate errors will be ignored for this session
1584466396935	Marionette	INFO	Stopped listening on port 54621
1584466451315	mozrunner::runner	INFO	Running command: "/Applications/Firefox.app/Contents/MacOS/firefox-bin" "-marionette" "-foreground" "-no-remote" "-profile" "/var/folders/2h/179zzpb14wz9q81r_2p2cyqc0000gp/T/rust_mozprofileyxsaqy"
1584466451802	addons.webextension.doh-rollout@mozilla.org	WARN	Loading extension 'doh-rollout@mozilla.org': Reading manifest: Invalid extension permission: networkStatus
1584466452130	addons.webextension.screenshots@mozilla.org	WARN	Loading extension 'screenshots@mozilla.org': Reading manifest: Invalid extension permission: mozillaAddons
1584466452131	addons.webextension.screenshots@mozilla.org	WARN	Loading extension 'screenshots@mozilla.org': Reading manifest: Invalid extension permission: telemetry
1584466452131	addons.webextension.screenshots@mozilla.org	WARN	Loading extension 'screenshots@mozilla.org': Reading manifest: Invalid extension permission: resource://pdf.js/
1584466452131	addons.webextension.screenshots@mozilla.org	WARN	Loading extension 'screenshots@mozilla.org': Reading manifest: Invalid extension permission: about:reader*
1584466453811	Marionette	INFO	Listening on port 55087
1584466453874	Marionette	WARN	TLS certificate errors will be ignored for this session
1584466460359	Marionette	WARN	TimedPromise timed out after 500 ms: stacktrace:
TimedPromise/<@chrome://marionette/content/sync.js:244:13
TimedPromise@chrome://marionette/content/sync.js:229:10
interaction.flushEventLoop@chrome://marionette/content/interaction.js:416:10
webdriverClickElement@chrome://marionette/content/interaction.js:182:31
1584466470633	Marionette	WARN	TimedPromise timed out after 500 ms: stacktrace:
TimedPromise/<@chrome://marionette/content/sync.js:244:13
TimedPromise@chrome://marionette/content/sync.js:229:10
interaction.flushEventLoop@chrome://marionette/content/interaction.js:416:10
webdriverClickElement@chrome://marionette/content/interaction.js:182:31
1584466497928	Marionette	INFO	Stopped listening on port 55087
1584467077226	mozrunner::runner	INFO	Running command: "/Applications/Firefox.app/Contents/MacOS/firefox-bin" "-marionette" "-foreground" "-no-remote" "-profile" "/var/folders/2h/179zzpb14wz9q81r_2p2cyqc0000gp/T/rust_mozprofiley2iGSl"
1584467077745	addons.webextension.doh-rollout@mozilla.org	WARN	Loading extension 'doh-rollout@mozilla.org': Reading manifest: Invalid extension permission: networkStatus
1584467078066	addons.webextension.screenshots@mozilla.org	WARN	Loading extension 'screenshots@mozilla.org': Reading manifest: Invalid extension permission: mozillaAddons
1584467078066	addons.webextension.screenshots@mozilla.org	WARN	Loading extension 'screenshots@mozilla.org': Reading manifest: Invalid extension permission: telemetry
1584467078066	addons.webextension.screenshots@mozilla.org	WARN	Loading extension 'screenshots@mozilla.org': Reading manifest: Invalid extension permission: resource://pdf.js/
1584467078066	addons.webextension.screenshots@mozilla.org	WARN	Loading extension 'screenshots@mozilla.org': Reading manifest: Invalid extension permission: about:reader*
1584467079714	Marionette	INFO	Listening on port 57792
1584467079786	Marionette	WARN	TLS certificate errors will be ignored for this session
1584467093569	Marionette	WARN	TimedPromise timed out after 500 ms: stacktrace:
TimedPromise/<@chrome://marionette/content/sync.js:244:13
TimedPromise@chrome://marionette/content/sync.js:229:10
interaction.flushEventLoop@chrome://marionette/content/interaction.js:416:10
webdriverClickElement@chrome://marionette/content/interaction.js:182:31
Be</e.prototype.instrumentSend/XMLHttpRequest.prototype.send@https://unictmob.azurewebsites.net/Scripts/react/dist/bundle.js.gz:39:325981
send@https://unictmob.azurewebsites.net/bundles/jquery?v=TDckzUNxphFjulOJme-kT58FoAi78XdV0SUZypX4iA41:2:80358
ajax@https://unictmob.azurewebsites.net/bundles/jquery?v=TDckzUNxphFjulOJme-kT58FoAi78XdV0SUZypX4iA41:2:77906
t.loadJsonDoc@https://unictmob.azurewebsites.net/Scripts/react/dist/bundle.js.gz:16:693737
value@https://unictmob.azurewebsites.net/Scripts/react/dist/bundle.js.gz:39:816942
value@https://unictmob.azurewebsites.net/Scripts/react/dist/bundle.js.gz:39:815949
value@https://unictmob.azurewebsites.net/Scripts/react/dist/bundle.js.gz:39:815633
Va@https://unictmob.azurewebsites.net/Scripts/react/dist/bundle.js.gz:47:83955
Wa@https://unictmob.azurewebsites.net/Scripts/react/dist/bundle.js.gz:47:80545
$a@https://unictmob.azurewebsites.net/Scripts/react/dist/bundle.js.gz:47:80005
Ua@https://unictmob.azurewebsites.net/Scripts/react/dist/bundle.js.gz:47:79831
Fa@https://unictmob.azurewebsites.net/Scripts/react/dist/bundle.js.gz:47:79202
fa@https://unictmob.azurewebsites.net/Scripts/react/dist/bundle.js.gz:47:78449
enqueueSetState@https://unictmob.azurewebsites.net/Scripts/react/dist/bundle.js.gz:47:53993
_.prototype.setState@https://unictmob.azurewebsites.net/Scripts/react/dist/bundle.js.gz:55:1281
success@https://unictmob.azurewebsites.net/Scripts/react/dist/bundle.js.gz:34:218134
l@https://unictmob.azurewebsites.net/bundles/jquery?v=TDckzUNxphFjulOJme-kT58FoAi78XdV0SUZypX4iA41:2:39411
fireWith@https://unictmob.azurewebsites.net/bundles/jquery?v=TDckzUNxphFjulOJme-kT58FoAi78XdV0SUZypX4iA41:2:40156
b@https://unictmob.azurewebsites.net/bundles/jquery?v=TDckzUNxphFjulOJme-kT58FoAi78XdV0SUZypX4iA41:2:75157
i/<@https://unictmob.azurewebsites.net/bundles/jquery?v=TDckzUNxphFjulOJme-kT58FoAi78XdV0SUZypX4iA41:2:79999
1584467114092	Marionette	INFO	Stopped listening on port 57792
1584467140762	mozrunner::runner	INFO	Running command: "/Applications/Firefox.app/Contents/MacOS/firefox-bin" "-marionette" "-foreground" "-no-remote" "-profile" "/var/folders/2h/179zzpb14wz9q81r_2p2cyqc0000gp/T/rust_mozprofileyECi8D"
1584467141208	addons.webextension.doh-rollout@mozilla.org	WARN	Loading extension 'doh-rollout@mozilla.org': Reading manifest: Invalid extension permission: networkStatus
1584467141530	addons.webextension.screenshots@mozilla.org	WARN	Loading extension 'screenshots@mozilla.org': Reading manifest: Invalid extension permission: mozillaAddons
1584467141530	addons.webextension.screenshots@mozilla.org	WARN	Loading extension 'screenshots@mozilla.org': Reading manifest: Invalid extension permission: telemetry
1584467141530	addons.webextension.screenshots@mozilla.org	WARN	Loading extension 'screenshots@mozilla.org': Reading manifest: Invalid extension permission: resource://pdf.js/
1584467141530	addons.webextension.screenshots@mozilla.org	WARN	Loading extension 'screenshots@mozilla.org': Reading manifest: Invalid extension permission: about:reader*
1584467143146	Marionette	INFO	Listening on port 58124
1584467143224	Marionette	WARN	TLS certificate errors will be ignored for this session
1584467181042	Marionette	INFO	Stopped listening on port 58124
